[09-Dec-2019 23:27:43 UTC] PHP Parse error:  syntax error, unexpected '=', expecting ',' or ';' in /Users/eugene/Local Sites/bible-school/app/public/experiment.php on line 1
[10-Dec-2019 22:36:24 UTC] PHP Parse error:  syntax error, unexpected '}', expecting ',' or ';' in /Users/eugene/Local Sites/bible-school/app/public/wp-content/themes/bible-school/index.php on line 5
[10-Dec-2019 22:36:49 UTC] PHP Parse error:  syntax error, unexpected '}', expecting ',' or ';' in /Users/eugene/Local Sites/bible-school/app/public/wp-content/themes/bible-school/index.php on line 5
[10-Dec-2019 22:36:51 UTC] PHP Parse error:  syntax error, unexpected '}', expecting ',' or ';' in /Users/eugene/Local Sites/bible-school/app/public/wp-content/themes/bible-school/index.php on line 5
[10-Dec-2019 22:37:02 UTC] PHP Parse error:  syntax error, unexpected '}', expecting ',' or ';' in /Users/eugene/Local Sites/bible-school/app/public/wp-content/themes/bible-school/index.php on line 5
[10-Dec-2019 22:41:09 UTC] PHP Parse error:  syntax error, unexpected '}', expecting ',' or ';' in /Users/eugene/Local Sites/bible-school/app/public/wp-content/themes/bible-school/index.php on line 4
[10-Dec-2019 22:41:20 UTC] PHP Parse error:  syntax error, unexpected '}', expecting ',' or ';' in /Users/eugene/Local Sites/bible-school/app/public/wp-content/themes/bible-school/index.php on line 4
[10-Dec-2019 22:41:21 UTC] PHP Parse error:  syntax error, unexpected '}', expecting ',' or ';' in /Users/eugene/Local Sites/bible-school/app/public/wp-content/themes/bible-school/index.php on line 4
[10-Dec-2019 22:48:06 UTC] PHP Parse error:  syntax error, unexpected ',', expecting ']' in /Users/eugene/Local Sites/bible-school/app/public/wp-content/themes/bible-school/index.php on line 7
[11-Dec-2019 00:07:50 UTC] PHP Parse error:  syntax error, unexpected end of file in /Users/eugene/Local Sites/bible-school/app/public/wp-content/themes/bible-school/index.php on line 10
[11-Dec-2019 00:08:03 UTC] PHP Parse error:  syntax error, unexpected '}' in /Users/eugene/Local Sites/bible-school/app/public/wp-content/themes/bible-school/index.php on line 6
[11-Dec-2019 00:08:05 UTC] PHP Parse error:  syntax error, unexpected '}' in /Users/eugene/Local Sites/bible-school/app/public/wp-content/themes/bible-school/index.php on line 6
[11-Dec-2019 00:08:05 UTC] PHP Parse error:  syntax error, unexpected '}' in /Users/eugene/Local Sites/bible-school/app/public/wp-content/themes/bible-school/index.php on line 6
[11-Dec-2019 00:22:08 UTC] PHP Parse error:  syntax error, unexpected ':' in /Users/eugene/Local Sites/bible-school/app/public/wp-content/themes/bible-school/single.php on line 3
[11-Dec-2019 00:44:13 UTC] PHP Parse error:  syntax error, unexpected 'wp_enqueue_style' (T_STRING) in /Users/eugene/Local Sites/bible-school/app/public/wp-content/themes/bible-school/functions.php on line 5
[11-Dec-2019 00:44:39 UTC] PHP Parse error:  syntax error, unexpected 'wp_enqueue_style' (T_STRING) in /Users/eugene/Local Sites/bible-school/app/public/wp-content/themes/bible-school/functions.php on line 5
[11-Dec-2019 00:51:36 UTC] PHP Parse error:  syntax error, unexpected '?>', expecting ')' in /Users/eugene/Local Sites/bible-school/app/public/wp-content/themes/bible-school/index.php on line 74
[11-Dec-2019 00:54:51 UTC] PHP Fatal error:  Uncaught Error: Maximum function nesting level of '256' reached, aborting! in /Users/eugene/Local Sites/bible-school/app/public/wp-includes/class-wp-block-type-registry.php:166
Stack trace:
#0 /Users/eugene/Local Sites/bible-school/app/public/wp-includes/script-loader.php(2869): WP_Block_Type_Registry::get_instance()
#1 /Users/eugene/Local Sites/bible-school/app/public/wp-includes/class-wp-hook.php(288): wp_enqueue_registered_block_scripts_and_styles('')
#2 /Users/eugene/Local Sites/bible-school/app/public/wp-includes/class-wp-hook.php(312): WP_Hook->apply_filters('', Array)
#3 /Users/eugene/Local Sites/bible-school/app/public/wp-includes/plugin.php(478): WP_Hook->do_action(Array)
#4 /Users/eugene/Local Sites/bible-school/app/public/wp-includes/script-loader.php(2853): do_action('enqueue_block_a...')
#5 /Users/eugene/Local Sites/bible-school/app/public/wp-includes/class-wp-hook.php(288): wp_common_block_scripts_and_styles('')
#6 /Users/eugene/Local Sites/bible-school/app/public/wp-includes/class-wp-hook.php(3 in /Users/eugene/Local Sites/bible-school/app/public/wp-includes/class-wp-block-type-registry.php on line 166
[11-Dec-2019 00:56:09 UTC] PHP Fatal error:  Uncaught Error: Maximum function nesting level of '256' reached, aborting! in /Users/eugene/Local Sites/bible-school/app/public/wp-includes/class-wp-block-type-registry.php:166
Stack trace:
#0 /Users/eugene/Local Sites/bible-school/app/public/wp-includes/script-loader.php(2869): WP_Block_Type_Registry::get_instance()
#1 /Users/eugene/Local Sites/bible-school/app/public/wp-includes/class-wp-hook.php(288): wp_enqueue_registered_block_scripts_and_styles('')
#2 /Users/eugene/Local Sites/bible-school/app/public/wp-includes/class-wp-hook.php(312): WP_Hook->apply_filters('', Array)
#3 /Users/eugene/Local Sites/bible-school/app/public/wp-includes/plugin.php(478): WP_Hook->do_action(Array)
#4 /Users/eugene/Local Sites/bible-school/app/public/wp-includes/script-loader.php(2853): do_action('enqueue_block_a...')
#5 /Users/eugene/Local Sites/bible-school/app/public/wp-includes/class-wp-hook.php(288): wp_common_block_scripts_and_styles('')
#6 /Users/eugene/Local Sites/bible-school/app/public/wp-includes/class-wp-hook.php(3 in /Users/eugene/Local Sites/bible-school/app/public/wp-includes/class-wp-block-type-registry.php on line 166
[11-Dec-2019 00:56:10 UTC] PHP Fatal error:  Uncaught Error: Maximum function nesting level of '256' reached, aborting! in /Users/eugene/Local Sites/bible-school/app/public/wp-includes/class-wp-block-type-registry.php:166
Stack trace:
#0 /Users/eugene/Local Sites/bible-school/app/public/wp-includes/script-loader.php(2869): WP_Block_Type_Registry::get_instance()
#1 /Users/eugene/Local Sites/bible-school/app/public/wp-includes/class-wp-hook.php(288): wp_enqueue_registered_block_scripts_and_styles('')
#2 /Users/eugene/Local Sites/bible-school/app/public/wp-includes/class-wp-hook.php(312): WP_Hook->apply_filters('', Array)
#3 /Users/eugene/Local Sites/bible-school/app/public/wp-includes/plugin.php(478): WP_Hook->do_action(Array)
#4 /Users/eugene/Local Sites/bible-school/app/public/wp-includes/script-loader.php(2853): do_action('enqueue_block_a...')
#5 /Users/eugene/Local Sites/bible-school/app/public/wp-includes/class-wp-hook.php(288): wp_common_block_scripts_and_styles('')
#6 /Users/eugene/Local Sites/bible-school/app/public/wp-includes/class-wp-hook.php(3 in /Users/eugene/Local Sites/bible-school/app/public/wp-includes/class-wp-block-type-registry.php on line 166
[11-Dec-2019 00:56:11 UTC] PHP Fatal error:  Uncaught Error: Maximum function nesting level of '256' reached, aborting! in /Users/eugene/Local Sites/bible-school/app/public/wp-includes/class-wp-block-type-registry.php:166
Stack trace:
#0 /Users/eugene/Local Sites/bible-school/app/public/wp-includes/script-loader.php(2869): WP_Block_Type_Registry::get_instance()
#1 /Users/eugene/Local Sites/bible-school/app/public/wp-includes/class-wp-hook.php(288): wp_enqueue_registered_block_scripts_and_styles('')
#2 /Users/eugene/Local Sites/bible-school/app/public/wp-includes/class-wp-hook.php(312): WP_Hook->apply_filters('', Array)
#3 /Users/eugene/Local Sites/bible-school/app/public/wp-includes/plugin.php(478): WP_Hook->do_action(Array)
#4 /Users/eugene/Local Sites/bible-school/app/public/wp-includes/script-loader.php(2853): do_action('enqueue_block_a...')
#5 /Users/eugene/Local Sites/bible-school/app/public/wp-includes/class-wp-hook.php(288): wp_common_block_scripts_and_styles('')
#6 /Users/eugene/Local Sites/bible-school/app/public/wp-includes/class-wp-hook.php(3 in /Users/eugene/Local Sites/bible-school/app/public/wp-includes/class-wp-block-type-registry.php on line 166
[11-Dec-2019 00:56:11 UTC] PHP Fatal error:  Uncaught Error: Maximum function nesting level of '256' reached, aborting! in /Users/eugene/Local Sites/bible-school/app/public/wp-includes/class-wp-block-type-registry.php:166
Stack trace:
#0 /Users/eugene/Local Sites/bible-school/app/public/wp-includes/script-loader.php(2869): WP_Block_Type_Registry::get_instance()
#1 /Users/eugene/Local Sites/bible-school/app/public/wp-includes/class-wp-hook.php(288): wp_enqueue_registered_block_scripts_and_styles('')
#2 /Users/eugene/Local Sites/bible-school/app/public/wp-includes/class-wp-hook.php(312): WP_Hook->apply_filters('', Array)
#3 /Users/eugene/Local Sites/bible-school/app/public/wp-includes/plugin.php(478): WP_Hook->do_action(Array)
#4 /Users/eugene/Local Sites/bible-school/app/public/wp-includes/script-loader.php(2853): do_action('enqueue_block_a...')
#5 /Users/eugene/Local Sites/bible-school/app/public/wp-includes/class-wp-hook.php(288): wp_common_block_scripts_and_styles('')
#6 /Users/eugene/Local Sites/bible-school/app/public/wp-includes/class-wp-hook.php(3 in /Users/eugene/Local Sites/bible-school/app/public/wp-includes/class-wp-block-type-registry.php on line 166
[11-Dec-2019 00:56:11 UTC] PHP Fatal error:  Uncaught Error: Maximum function nesting level of '256' reached, aborting! in /Users/eugene/Local Sites/bible-school/app/public/wp-includes/class-wp-block-type-registry.php:166
Stack trace:
#0 /Users/eugene/Local Sites/bible-school/app/public/wp-includes/script-loader.php(2869): WP_Block_Type_Registry::get_instance()
#1 /Users/eugene/Local Sites/bible-school/app/public/wp-includes/class-wp-hook.php(288): wp_enqueue_registered_block_scripts_and_styles('')
#2 /Users/eugene/Local Sites/bible-school/app/public/wp-includes/class-wp-hook.php(312): WP_Hook->apply_filters('', Array)
#3 /Users/eugene/Local Sites/bible-school/app/public/wp-includes/plugin.php(478): WP_Hook->do_action(Array)
#4 /Users/eugene/Local Sites/bible-school/app/public/wp-includes/script-loader.php(2853): do_action('enqueue_block_a...')
#5 /Users/eugene/Local Sites/bible-school/app/public/wp-includes/class-wp-hook.php(288): wp_common_block_scripts_and_styles('')
#6 /Users/eugene/Local Sites/bible-school/app/public/wp-includes/class-wp-hook.php(3 in /Users/eugene/Local Sites/bible-school/app/public/wp-includes/class-wp-block-type-registry.php on line 166
[11-Dec-2019 00:56:11 UTC] PHP Fatal error:  Uncaught Error: Maximum function nesting level of '256' reached, aborting! in /Users/eugene/Local Sites/bible-school/app/public/wp-includes/class-wp-block-type-registry.php:166
Stack trace:
#0 /Users/eugene/Local Sites/bible-school/app/public/wp-includes/script-loader.php(2869): WP_Block_Type_Registry::get_instance()
#1 /Users/eugene/Local Sites/bible-school/app/public/wp-includes/class-wp-hook.php(288): wp_enqueue_registered_block_scripts_and_styles('')
#2 /Users/eugene/Local Sites/bible-school/app/public/wp-includes/class-wp-hook.php(312): WP_Hook->apply_filters('', Array)
#3 /Users/eugene/Local Sites/bible-school/app/public/wp-includes/plugin.php(478): WP_Hook->do_action(Array)
#4 /Users/eugene/Local Sites/bible-school/app/public/wp-includes/script-loader.php(2853): do_action('enqueue_block_a...')
#5 /Users/eugene/Local Sites/bible-school/app/public/wp-includes/class-wp-hook.php(288): wp_common_block_scripts_and_styles('')
#6 /Users/eugene/Local Sites/bible-school/app/public/wp-includes/class-wp-hook.php(3 in /Users/eugene/Local Sites/bible-school/app/public/wp-includes/class-wp-block-type-registry.php on line 166
[11-Dec-2019 00:56:11 UTC] PHP Fatal error:  Uncaught Error: Maximum function nesting level of '256' reached, aborting! in /Users/eugene/Local Sites/bible-school/app/public/wp-includes/class-wp-block-type-registry.php:166
Stack trace:
#0 /Users/eugene/Local Sites/bible-school/app/public/wp-includes/script-loader.php(2869): WP_Block_Type_Registry::get_instance()
#1 /Users/eugene/Local Sites/bible-school/app/public/wp-includes/class-wp-hook.php(288): wp_enqueue_registered_block_scripts_and_styles('')
#2 /Users/eugene/Local Sites/bible-school/app/public/wp-includes/class-wp-hook.php(312): WP_Hook->apply_filters('', Array)
#3 /Users/eugene/Local Sites/bible-school/app/public/wp-includes/plugin.php(478): WP_Hook->do_action(Array)
#4 /Users/eugene/Local Sites/bible-school/app/public/wp-includes/script-loader.php(2853): do_action('enqueue_block_a...')
#5 /Users/eugene/Local Sites/bible-school/app/public/wp-includes/class-wp-hook.php(288): wp_common_block_scripts_and_styles('')
#6 /Users/eugene/Local Sites/bible-school/app/public/wp-includes/class-wp-hook.php(3 in /Users/eugene/Local Sites/bible-school/app/public/wp-includes/class-wp-block-type-registry.php on line 166
[11-Dec-2019 00:56:49 UTC] PHP Fatal error:  Uncaught Error: Maximum function nesting level of '256' reached, aborting! in /Users/eugene/Local Sites/bible-school/app/public/wp-includes/class-wp-block-type-registry.php:166
Stack trace:
#0 /Users/eugene/Local Sites/bible-school/app/public/wp-includes/script-loader.php(2869): WP_Block_Type_Registry::get_instance()
#1 /Users/eugene/Local Sites/bible-school/app/public/wp-includes/class-wp-hook.php(288): wp_enqueue_registered_block_scripts_and_styles('')
#2 /Users/eugene/Local Sites/bible-school/app/public/wp-includes/class-wp-hook.php(312): WP_Hook->apply_filters('', Array)
#3 /Users/eugene/Local Sites/bible-school/app/public/wp-includes/plugin.php(478): WP_Hook->do_action(Array)
#4 /Users/eugene/Local Sites/bible-school/app/public/wp-includes/script-loader.php(2853): do_action('enqueue_block_a...')
#5 /Users/eugene/Local Sites/bible-school/app/public/wp-includes/class-wp-hook.php(288): wp_common_block_scripts_and_styles('')
#6 /Users/eugene/Local Sites/bible-school/app/public/wp-includes/class-wp-hook.php(3 in /Users/eugene/Local Sites/bible-school/app/public/wp-includes/class-wp-block-type-registry.php on line 166
[11-Dec-2019 01:11:41 UTC] PHP Parse error:  syntax error, unexpected '}' in /Users/eugene/Local Sites/bible-school/app/public/wp-content/themes/bible-school/functions.php on line 14
[11-Dec-2019 01:11:45 UTC] PHP Warning:  call_user_func_array() expects parameter 1 to be a valid callback, function 'school-features' not found or invalid function name in /Users/eugene/Local Sites/bible-school/app/public/wp-includes/class-wp-hook.php on line 288
[11-Dec-2019 01:11:45 UTC] PHP Stack trace:
[11-Dec-2019 01:11:45 UTC] PHP   1. {main}() /Users/eugene/Local Sites/bible-school/app/public/index.php:0
[11-Dec-2019 01:11:45 UTC] PHP   2. require() /Users/eugene/Local Sites/bible-school/app/public/index.php:17
[11-Dec-2019 01:11:45 UTC] PHP   3. require_once() /Users/eugene/Local Sites/bible-school/app/public/wp-blog-header.php:13
[11-Dec-2019 01:11:45 UTC] PHP   4. require_once() /Users/eugene/Local Sites/bible-school/app/public/wp-load.php:37
[11-Dec-2019 01:11:45 UTC] PHP   5. require_once() /Users/eugene/Local Sites/bible-school/app/public/wp-config.php:77
[11-Dec-2019 01:11:45 UTC] PHP   6. do_action() /Users/eugene/Local Sites/bible-school/app/public/wp-settings.php:507
[11-Dec-2019 01:11:45 UTC] PHP   7. WP_Hook->do_action() /Users/eugene/Local Sites/bible-school/app/public/wp-includes/plugin.php:478
[11-Dec-2019 01:11:45 UTC] PHP   8. WP_Hook->apply_filters() /Users/eugene/Local Sites/bible-school/app/public/wp-includes/class-wp-hook.php:312
[11-Dec-2019 01:12:17 UTC] PHP Warning:  call_user_func_array() expects parameter 1 to be a valid callback, function 'school-features' not found or invalid function name in /Users/eugene/Local Sites/bible-school/app/public/wp-includes/class-wp-hook.php on line 288
[11-Dec-2019 01:12:17 UTC] PHP Stack trace:
[11-Dec-2019 01:12:17 UTC] PHP   1. {main}() /Users/eugene/Local Sites/bible-school/app/public/index.php:0
[11-Dec-2019 01:12:17 UTC] PHP   2. require() /Users/eugene/Local Sites/bible-school/app/public/index.php:17
[11-Dec-2019 01:12:17 UTC] PHP   3. require_once() /Users/eugene/Local Sites/bible-school/app/public/wp-blog-header.php:13
[11-Dec-2019 01:12:17 UTC] PHP   4. require_once() /Users/eugene/Local Sites/bible-school/app/public/wp-load.php:37
[11-Dec-2019 01:12:17 UTC] PHP   5. require_once() /Users/eugene/Local Sites/bible-school/app/public/wp-config.php:77
[11-Dec-2019 01:12:17 UTC] PHP   6. do_action() /Users/eugene/Local Sites/bible-school/app/public/wp-settings.php:507
[11-Dec-2019 01:12:17 UTC] PHP   7. WP_Hook->do_action() /Users/eugene/Local Sites/bible-school/app/public/wp-includes/plugin.php:478
[11-Dec-2019 01:12:17 UTC] PHP   8. WP_Hook->apply_filters() /Users/eugene/Local Sites/bible-school/app/public/wp-includes/class-wp-hook.php:312
[11-Dec-2019 01:12:18 UTC] PHP Warning:  call_user_func_array() expects parameter 1 to be a valid callback, function 'school-features' not found or invalid function name in /Users/eugene/Local Sites/bible-school/app/public/wp-includes/class-wp-hook.php on line 288
[11-Dec-2019 01:12:18 UTC] PHP Stack trace:
[11-Dec-2019 01:12:18 UTC] PHP   1. {main}() /Users/eugene/Local Sites/bible-school/app/public/index.php:0
[11-Dec-2019 01:12:18 UTC] PHP   2. require() /Users/eugene/Local Sites/bible-school/app/public/index.php:17
[11-Dec-2019 01:12:18 UTC] PHP   3. require_once() /Users/eugene/Local Sites/bible-school/app/public/wp-blog-header.php:13
[11-Dec-2019 01:12:18 UTC] PHP   4. require_once() /Users/eugene/Local Sites/bible-school/app/public/wp-load.php:37
[11-Dec-2019 01:12:18 UTC] PHP   5. require_once() /Users/eugene/Local Sites/bible-school/app/public/wp-config.php:77
[11-Dec-2019 01:12:18 UTC] PHP   6. do_action() /Users/eugene/Local Sites/bible-school/app/public/wp-settings.php:507
[11-Dec-2019 01:12:18 UTC] PHP   7. WP_Hook->do_action() /Users/eugene/Local Sites/bible-school/app/public/wp-includes/plugin.php:478
[11-Dec-2019 01:12:18 UTC] PHP   8. WP_Hook->apply_filters() /Users/eugene/Local Sites/bible-school/app/public/wp-includes/class-wp-hook.php:312
[11-Dec-2019 01:12:24 UTC] PHP Warning:  call_user_func_array() expects parameter 1 to be a valid callback, function 'school-features' not found or invalid function name in /Users/eugene/Local Sites/bible-school/app/public/wp-includes/class-wp-hook.php on line 288
[11-Dec-2019 01:12:24 UTC] PHP Stack trace:
[11-Dec-2019 01:12:24 UTC] PHP   1. {main}() /Users/eugene/Local Sites/bible-school/app/public/index.php:0
[11-Dec-2019 01:12:24 UTC] PHP   2. require() /Users/eugene/Local Sites/bible-school/app/public/index.php:17
[11-Dec-2019 01:12:24 UTC] PHP   3. require_once() /Users/eugene/Local Sites/bible-school/app/public/wp-blog-header.php:13
[11-Dec-2019 01:12:24 UTC] PHP   4. require_once() /Users/eugene/Local Sites/bible-school/app/public/wp-load.php:37
[11-Dec-2019 01:12:24 UTC] PHP   5. require_once() /Users/eugene/Local Sites/bible-school/app/public/wp-config.php:77
[11-Dec-2019 01:12:24 UTC] PHP   6. do_action() /Users/eugene/Local Sites/bible-school/app/public/wp-settings.php:507
[11-Dec-2019 01:12:24 UTC] PHP   7. WP_Hook->do_action() /Users/eugene/Local Sites/bible-school/app/public/wp-includes/plugin.php:478
[11-Dec-2019 01:12:24 UTC] PHP   8. WP_Hook->apply_filters() /Users/eugene/Local Sites/bible-school/app/public/wp-includes/class-wp-hook.php:312
[11-Dec-2019 01:27:46 UTC] PHP Fatal error:  Uncaught ArgumentCountError: Too few arguments to function wp_get_post_parent_id(), 0 passed in /Users/eugene/Local Sites/bible-school/app/public/wp-content/themes/bible-school/page.php on line 22 and exactly 1 expected in /Users/eugene/Local Sites/bible-school/app/public/wp-includes/post.php:6827
Stack trace:
#0 /Users/eugene/Local Sites/bible-school/app/public/wp-content/themes/bible-school/page.php(22): wp_get_post_parent_id()
#1 /Users/eugene/Local Sites/bible-school/app/public/wp-includes/template-loader.php(98): include('/Users/eugene/L...')
#2 /Users/eugene/Local Sites/bible-school/app/public/wp-blog-header.php(19): require_once('/Users/eugene/L...')
#3 /Users/eugene/Local Sites/bible-school/app/public/index.php(17): require('/Users/eugene/L...')
#4 {main}
  thrown in /Users/eugene/Local Sites/bible-school/app/public/wp-includes/post.php on line 6827
[11-Dec-2019 01:27:57 UTC] PHP Fatal error:  Uncaught ArgumentCountError: Too few arguments to function wp_get_post_parent_id(), 0 passed in /Users/eugene/Local Sites/bible-school/app/public/wp-content/themes/bible-school/page.php on line 22 and exactly 1 expected in /Users/eugene/Local Sites/bible-school/app/public/wp-includes/post.php:6827
Stack trace:
#0 /Users/eugene/Local Sites/bible-school/app/public/wp-content/themes/bible-school/page.php(22): wp_get_post_parent_id()
#1 /Users/eugene/Local Sites/bible-school/app/public/wp-includes/template-loader.php(98): include('/Users/eugene/L...')
#2 /Users/eugene/Local Sites/bible-school/app/public/wp-blog-header.php(19): require_once('/Users/eugene/L...')
#3 /Users/eugene/Local Sites/bible-school/app/public/index.php(17): require('/Users/eugene/L...')
#4 {main}
  thrown in /Users/eugene/Local Sites/bible-school/app/public/wp-includes/post.php on line 6827
[11-Dec-2019 01:57:36 UTC] PHP Parse error:  syntax error, unexpected ';', expecting ')' in /Users/eugene/Local Sites/bible-school/app/public/wp-content/themes/bible-school/page.php on line 47
[11-Dec-2019 02:03:36 UTC] PHP Parse error:  syntax error, unexpected ')', expecting variable (T_VARIABLE) or '{' or '$' in /Users/eugene/Local Sites/bible-school/app/public/wp-content/themes/bible-school/page.php on line 37
[11-Dec-2019 02:26:15 UTC] PHP Parse error:  syntax error, unexpected 'add_theme_support' (T_STRING) in /Users/eugene/Local Sites/bible-school/app/public/wp-content/themes/bible-school/functions.php on line 14
[11-Dec-2019 20:45:48 UTC] PHP Parse error:  syntax error, unexpected ':', expecting ')' in /Users/eugene/Local Sites/bible-school/app/public/wp-content/themes/bible-school/index.php on line 22
[11-Dec-2019 20:59:05 UTC] PHP Parse error:  syntax error, unexpected '}', expecting ',' or ';' in /Users/eugene/Local Sites/bible-school/app/public/wp-content/themes/bible-school/archive.php on line 10
[11-Dec-2019 21:01:15 UTC] PHP Parse error:  syntax error, unexpected 'the_author' (T_STRING), expecting ',' or ';' in /Users/eugene/Local Sites/bible-school/app/public/wp-content/themes/bible-school/archive.php on line 12
[11-Dec-2019 21:19:19 UTC] PHP Parse error:  syntax error, unexpected ';', expecting ')' in /Users/eugene/Local Sites/bible-school/app/public/wp-content/themes/bible-school/front-page.php on line 49
[11-Dec-2019 21:39:57 UTC] PHP Parse error:  syntax error, unexpected '/' in /Users/eugene/Local Sites/bible-school/app/public/wp-content/themes/bible-school/front-page.php on line 68
[11-Dec-2019 23:00:19 UTC] PHP Parse error:  syntax error, unexpected '}' in /Users/eugene/Local Sites/bible-school/app/public/wp-content/themes/bible-school/functions.php on line 22
[11-Dec-2019 23:00:19 UTC] PHP Parse error:  syntax error, unexpected '}' in /Users/eugene/Local Sites/bible-school/app/public/wp-content/themes/bible-school/functions.php on line 22
[11-Dec-2019 23:00:21 UTC] PHP Parse error:  syntax error, unexpected '}' in /Users/eugene/Local Sites/bible-school/app/public/wp-content/themes/bible-school/functions.php on line 22
[11-Dec-2019 23:11:54 UTC] PHP Parse error:  syntax error, unexpected ')' in /Users/eugene/Local Sites/bible-school/app/public/wp-content/mu-plugins/school-post-types.php on line 9
[11-Dec-2019 23:45:41 UTC] PHP Parse error:  syntax error, unexpected '=>' (T_DOUBLE_ARROW), expecting ')' in /Users/eugene/Local Sites/bible-school/app/public/wp-content/mu-plugins/school-post-types.php on line 4
[11-Dec-2019 23:46:27 UTC] PHP Parse error:  syntax error, unexpected '=>' (T_DOUBLE_ARROW), expecting ')' in /Users/eugene/Local Sites/bible-school/app/public/wp-content/mu-plugins/school-post-types.php on line 4
[11-Dec-2019 23:46:28 UTC] PHP Parse error:  syntax error, unexpected '=>' (T_DOUBLE_ARROW), expecting ')' in /Users/eugene/Local Sites/bible-school/app/public/wp-content/mu-plugins/school-post-types.php on line 4
[11-Dec-2019 23:46:28 UTC] PHP Parse error:  syntax error, unexpected '=>' (T_DOUBLE_ARROW), expecting ')' in /Users/eugene/Local Sites/bible-school/app/public/wp-content/mu-plugins/school-post-types.php on line 4
[11-Dec-2019 23:46:28 UTC] PHP Parse error:  syntax error, unexpected '=>' (T_DOUBLE_ARROW), expecting ')' in /Users/eugene/Local Sites/bible-school/app/public/wp-content/mu-plugins/school-post-types.php on line 4
[11-Dec-2019 23:46:31 UTC] PHP Parse error:  syntax error, unexpected '=>' (T_DOUBLE_ARROW), expecting ')' in /Users/eugene/Local Sites/bible-school/app/public/wp-content/mu-plugins/school-post-types.php on line 4
[11-Dec-2019 23:46:33 UTC] PHP Parse error:  syntax error, unexpected '=>' (T_DOUBLE_ARROW), expecting ')' in /Users/eugene/Local Sites/bible-school/app/public/wp-content/mu-plugins/school-post-types.php on line 4
[11-Dec-2019 23:48:31 UTC] PHP Parse error:  syntax error, unexpected '=>' (T_DOUBLE_ARROW), expecting ')' in /Users/eugene/Local Sites/bible-school/app/public/wp-content/mu-plugins/school-post-types.php on line 4
[11-Dec-2019 23:49:07 UTC] PHP Parse error:  syntax error, unexpected '=>' (T_DOUBLE_ARROW), expecting ')' in /Users/eugene/Local Sites/bible-school/app/public/wp-content/mu-plugins/school-post-types.php on line 5
[11-Dec-2019 23:49:08 UTC] PHP Parse error:  syntax error, unexpected '=>' (T_DOUBLE_ARROW), expecting ')' in /Users/eugene/Local Sites/bible-school/app/public/wp-content/mu-plugins/school-post-types.php on line 5
[11-Dec-2019 23:49:53 UTC] PHP Fatal error:  Uncaught Error: Call to undefined function register_post_types() in /Users/eugene/Local Sites/bible-school/app/public/wp-content/mu-plugins/school-post-types.php:4
Stack trace:
#0 /Users/eugene/Local Sites/bible-school/app/public/wp-includes/class-wp-hook.php(288): school_post_types('')
#1 /Users/eugene/Local Sites/bible-school/app/public/wp-includes/class-wp-hook.php(312): WP_Hook->apply_filters(NULL, Array)
#2 /Users/eugene/Local Sites/bible-school/app/public/wp-includes/plugin.php(478): WP_Hook->do_action(Array)
#3 /Users/eugene/Local Sites/bible-school/app/public/wp-settings.php(523): do_action('init')
#4 /Users/eugene/Local Sites/bible-school/app/public/wp-config.php(77): require_once('/Users/eugene/L...')
#5 /Users/eugene/Local Sites/bible-school/app/public/wp-load.php(37): require_once('/Users/eugene/L...')
#6 /Users/eugene/Local Sites/bible-school/app/public/wp-blog-header.php(13): require_once('/Users/eugene/L...')
#7 /Users/eugene/Local Sites/bible-school/app/public/index.php(17): require('/Users/eu in /Users/eugene/Local Sites/bible-school/app/public/wp-content/mu-plugins/school-post-types.php on line 4
[11-Dec-2019 23:55:24 UTC] PHP Fatal error:  Uncaught ArgumentCountError: Too few arguments to function get_post_type_archive_link(), 0 passed in /Users/eugene/Local Sites/bible-school/app/public/wp-content/themes/bible-school/single-event.php on line 20 and exactly 1 expected in /Users/eugene/Local Sites/bible-school/app/public/wp-includes/link-template.php:1210
Stack trace:
#0 /Users/eugene/Local Sites/bible-school/app/public/wp-content/themes/bible-school/single-event.php(20): get_post_type_archive_link()
#1 /Users/eugene/Local Sites/bible-school/app/public/wp-includes/template-loader.php(98): include('/Users/eugene/L...')
#2 /Users/eugene/Local Sites/bible-school/app/public/wp-blog-header.php(19): require_once('/Users/eugene/L...')
#3 /Users/eugene/Local Sites/bible-school/app/public/index.php(17): require('/Users/eugene/L...')
#4 {main}
  thrown in /Users/eugene/Local Sites/bible-school/app/public/wp-includes/link-template.php on line 1210
[11-Dec-2019 23:55:26 UTC] PHP Fatal error:  Uncaught ArgumentCountError: Too few arguments to function get_post_type_archive_link(), 0 passed in /Users/eugene/Local Sites/bible-school/app/public/wp-content/themes/bible-school/single-event.php on line 20 and exactly 1 expected in /Users/eugene/Local Sites/bible-school/app/public/wp-includes/link-template.php:1210
Stack trace:
#0 /Users/eugene/Local Sites/bible-school/app/public/wp-content/themes/bible-school/single-event.php(20): get_post_type_archive_link()
#1 /Users/eugene/Local Sites/bible-school/app/public/wp-includes/template-loader.php(98): include('/Users/eugene/L...')
#2 /Users/eugene/Local Sites/bible-school/app/public/wp-blog-header.php(19): require_once('/Users/eugene/L...')
#3 /Users/eugene/Local Sites/bible-school/app/public/index.php(17): require('/Users/eugene/L...')
#4 {main}
  thrown in /Users/eugene/Local Sites/bible-school/app/public/wp-includes/link-template.php on line 1210
[11-Dec-2019 23:55:28 UTC] PHP Fatal error:  Uncaught ArgumentCountError: Too few arguments to function get_post_type_archive_link(), 0 passed in /Users/eugene/Local Sites/bible-school/app/public/wp-content/themes/bible-school/single-event.php on line 20 and exactly 1 expected in /Users/eugene/Local Sites/bible-school/app/public/wp-includes/link-template.php:1210
Stack trace:
#0 /Users/eugene/Local Sites/bible-school/app/public/wp-content/themes/bible-school/single-event.php(20): get_post_type_archive_link()
#1 /Users/eugene/Local Sites/bible-school/app/public/wp-includes/template-loader.php(98): include('/Users/eugene/L...')
#2 /Users/eugene/Local Sites/bible-school/app/public/wp-blog-header.php(19): require_once('/Users/eugene/L...')
#3 /Users/eugene/Local Sites/bible-school/app/public/index.php(17): require('/Users/eugene/L...')
#4 {main}
  thrown in /Users/eugene/Local Sites/bible-school/app/public/wp-includes/link-template.php on line 1210
[13-Dec-2019 21:42:14 UTC] PHP Parse error:  syntax error, unexpected '}', expecting ',' or ';' in /Users/eugene/Local Sites/bible-school/app/public/wp-content/themes/bible-school/front-page.php on line 65
[13-Dec-2019 21:42:27 UTC] PHP Parse error:  syntax error, unexpected '}', expecting ',' or ';' in /Users/eugene/Local Sites/bible-school/app/public/wp-content/themes/bible-school/front-page.php on line 65
[13-Dec-2019 21:42:29 UTC] PHP Parse error:  syntax error, unexpected '}', expecting ',' or ';' in /Users/eugene/Local Sites/bible-school/app/public/wp-content/themes/bible-school/front-page.php on line 65
[27-Dec-2019 23:05:59 UTC] PHP Warning:  Use of undefined constant event_date - assumed 'event_date' (this will throw an Error in a future version of PHP) in /Users/eugene/Local Sites/bible-school/app/public/wp-content/themes/bible-school/front-page.php on line 28
[27-Dec-2019 23:05:59 UTC] PHP Stack trace:
[27-Dec-2019 23:05:59 UTC] PHP   1. {main}() /Users/eugene/Local Sites/bible-school/app/public/index.php:0
[27-Dec-2019 23:05:59 UTC] PHP   2. require() /Users/eugene/Local Sites/bible-school/app/public/index.php:17
[27-Dec-2019 23:05:59 UTC] PHP   3. require_once() /Users/eugene/Local Sites/bible-school/app/public/wp-blog-header.php:19
[27-Dec-2019 23:05:59 UTC] PHP   4. include() /Users/eugene/Local Sites/bible-school/app/public/wp-includes/template-loader.php:98
[27-Dec-2019 23:05:59 UTC] PHP Warning:  Use of undefined constant event_date - assumed 'event_date' (this will throw an Error in a future version of PHP) in /Users/eugene/Local Sites/bible-school/app/public/wp-content/themes/bible-school/front-page.php on line 28
[27-Dec-2019 23:05:59 UTC] PHP Stack trace:
[27-Dec-2019 23:05:59 UTC] PHP   1. {main}() /Users/eugene/Local Sites/bible-school/app/public/index.php:0
[27-Dec-2019 23:05:59 UTC] PHP   2. require() /Users/eugene/Local Sites/bible-school/app/public/index.php:17
[27-Dec-2019 23:05:59 UTC] PHP   3. require_once() /Users/eugene/Local Sites/bible-school/app/public/wp-blog-header.php:19
[27-Dec-2019 23:05:59 UTC] PHP   4. include() /Users/eugene/Local Sites/bible-school/app/public/wp-includes/template-loader.php:98
[27-Dec-2019 23:06:14 UTC] PHP Warning:  Use of undefined constant event_date - assumed 'event_date' (this will throw an Error in a future version of PHP) in /Users/eugene/Local Sites/bible-school/app/public/wp-content/themes/bible-school/front-page.php on line 28
[27-Dec-2019 23:06:14 UTC] PHP Stack trace:
[27-Dec-2019 23:06:14 UTC] PHP   1. {main}() /Users/eugene/Local Sites/bible-school/app/public/index.php:0
[27-Dec-2019 23:06:14 UTC] PHP   2. require() /Users/eugene/Local Sites/bible-school/app/public/index.php:17
[27-Dec-2019 23:06:14 UTC] PHP   3. require_once() /Users/eugene/Local Sites/bible-school/app/public/wp-blog-header.php:19
[27-Dec-2019 23:06:14 UTC] PHP   4. include() /Users/eugene/Local Sites/bible-school/app/public/wp-includes/template-loader.php:98
[27-Dec-2019 23:06:14 UTC] PHP Warning:  Use of undefined constant event_date - assumed 'event_date' (this will throw an Error in a future version of PHP) in /Users/eugene/Local Sites/bible-school/app/public/wp-content/themes/bible-school/front-page.php on line 28
[27-Dec-2019 23:06:14 UTC] PHP Stack trace:
[27-Dec-2019 23:06:14 UTC] PHP   1. {main}() /Users/eugene/Local Sites/bible-school/app/public/index.php:0
[27-Dec-2019 23:06:14 UTC] PHP   2. require() /Users/eugene/Local Sites/bible-school/app/public/index.php:17
[27-Dec-2019 23:06:14 UTC] PHP   3. require_once() /Users/eugene/Local Sites/bible-school/app/public/wp-blog-header.php:19
[27-Dec-2019 23:06:14 UTC] PHP   4. include() /Users/eugene/Local Sites/bible-school/app/public/wp-includes/template-loader.php:98
[27-Dec-2019 23:09:10 UTC] PHP Parse error:  syntax error, unexpected ';', expecting ')' in /Users/eugene/Local Sites/bible-school/app/public/wp-content/themes/bible-school/front-page.php on line 29
[27-Dec-2019 23:10:05 UTC] PHP Fatal error:  Uncaught Exception: DateTime::__construct(): Failed to parse time string (31/12/2019) at position 0 (3): Unexpected character in /Users/eugene/Local Sites/bible-school/app/public/wp-content/themes/bible-school/front-page.php:29
Stack trace:
#0 /Users/eugene/Local Sites/bible-school/app/public/wp-content/themes/bible-school/front-page.php(29): DateTime->__construct('31/12/2019')
#1 /Users/eugene/Local Sites/bible-school/app/public/wp-includes/template-loader.php(98): include('/Users/eugene/L...')
#2 /Users/eugene/Local Sites/bible-school/app/public/wp-blog-header.php(19): require_once('/Users/eugene/L...')
#3 /Users/eugene/Local Sites/bible-school/app/public/index.php(17): require('/Users/eugene/L...')
#4 {main}
  thrown in /Users/eugene/Local Sites/bible-school/app/public/wp-content/themes/bible-school/front-page.php on line 29
[27-Dec-2019 23:10:43 UTC] PHP Fatal error:  Uncaught Exception: DateTime::__construct(): Failed to parse time string (31/12/2019) at position 0 (3): Unexpected character in /Users/eugene/Local Sites/bible-school/app/public/wp-content/themes/bible-school/front-page.php:29
Stack trace:
#0 /Users/eugene/Local Sites/bible-school/app/public/wp-content/themes/bible-school/front-page.php(29): DateTime->__construct('31/12/2019')
#1 /Users/eugene/Local Sites/bible-school/app/public/wp-includes/template-loader.php(98): include('/Users/eugene/L...')
#2 /Users/eugene/Local Sites/bible-school/app/public/wp-blog-header.php(19): require_once('/Users/eugene/L...')
#3 /Users/eugene/Local Sites/bible-school/app/public/index.php(17): require('/Users/eugene/L...')
#4 {main}
  thrown in /Users/eugene/Local Sites/bible-school/app/public/wp-content/themes/bible-school/front-page.php on line 29
[27-Dec-2019 23:11:18 UTC] PHP Fatal error:  Uncaught Exception: DateTime::__construct(): Failed to parse time string (31/12/2019) at position 0 (3): Unexpected character in /Users/eugene/Local Sites/bible-school/app/public/wp-content/themes/bible-school/front-page.php:29
Stack trace:
#0 /Users/eugene/Local Sites/bible-school/app/public/wp-content/themes/bible-school/front-page.php(29): DateTime->__construct('31/12/2019')
#1 /Users/eugene/Local Sites/bible-school/app/public/wp-includes/template-loader.php(98): include('/Users/eugene/L...')
#2 /Users/eugene/Local Sites/bible-school/app/public/wp-blog-header.php(19): require_once('/Users/eugene/L...')
#3 /Users/eugene/Local Sites/bible-school/app/public/index.php(17): require('/Users/eugene/L...')
#4 {main}
  thrown in /Users/eugene/Local Sites/bible-school/app/public/wp-content/themes/bible-school/front-page.php on line 29
[27-Dec-2019 23:11:18 UTC] PHP Fatal error:  Uncaught Exception: DateTime::__construct(): Failed to parse time string (31/12/2019) at position 0 (3): Unexpected character in /Users/eugene/Local Sites/bible-school/app/public/wp-content/themes/bible-school/front-page.php:29
Stack trace:
#0 /Users/eugene/Local Sites/bible-school/app/public/wp-content/themes/bible-school/front-page.php(29): DateTime->__construct('31/12/2019')
#1 /Users/eugene/Local Sites/bible-school/app/public/wp-includes/template-loader.php(98): include('/Users/eugene/L...')
#2 /Users/eugene/Local Sites/bible-school/app/public/wp-blog-header.php(19): require_once('/Users/eugene/L...')
#3 /Users/eugene/Local Sites/bible-school/app/public/index.php(17): require('/Users/eugene/L...')
#4 {main}
  thrown in /Users/eugene/Local Sites/bible-school/app/public/wp-content/themes/bible-school/front-page.php on line 29
[27-Dec-2019 23:11:40 UTC] PHP Parse error:  syntax error, unexpected 'echo' (T_ECHO) in /Users/eugene/Local Sites/bible-school/app/public/wp-content/themes/bible-school/front-page.php on line 30
[27-Dec-2019 23:11:40 UTC] PHP Parse error:  syntax error, unexpected 'echo' (T_ECHO) in /Users/eugene/Local Sites/bible-school/app/public/wp-content/themes/bible-school/front-page.php on line 30
[27-Dec-2019 23:11:46 UTC] PHP Fatal error:  Uncaught Exception: DateTime::__construct(): Failed to parse time string (31/12/2019) at position 0 (3): Unexpected character in /Users/eugene/Local Sites/bible-school/app/public/wp-content/themes/bible-school/front-page.php:29
Stack trace:
#0 /Users/eugene/Local Sites/bible-school/app/public/wp-content/themes/bible-school/front-page.php(29): DateTime->__construct('31/12/2019')
#1 /Users/eugene/Local Sites/bible-school/app/public/wp-includes/template-loader.php(98): include('/Users/eugene/L...')
#2 /Users/eugene/Local Sites/bible-school/app/public/wp-blog-header.php(19): require_once('/Users/eugene/L...')
#3 /Users/eugene/Local Sites/bible-school/app/public/index.php(17): require('/Users/eugene/L...')
#4 {main}
  thrown in /Users/eugene/Local Sites/bible-school/app/public/wp-content/themes/bible-school/front-page.php on line 29
[27-Dec-2019 23:11:47 UTC] PHP Fatal error:  Uncaught Exception: DateTime::__construct(): Failed to parse time string (31/12/2019) at position 0 (3): Unexpected character in /Users/eugene/Local Sites/bible-school/app/public/wp-content/themes/bible-school/front-page.php:29
Stack trace:
#0 /Users/eugene/Local Sites/bible-school/app/public/wp-content/themes/bible-school/front-page.php(29): DateTime->__construct('31/12/2019')
#1 /Users/eugene/Local Sites/bible-school/app/public/wp-includes/template-loader.php(98): include('/Users/eugene/L...')
#2 /Users/eugene/Local Sites/bible-school/app/public/wp-blog-header.php(19): require_once('/Users/eugene/L...')
#3 /Users/eugene/Local Sites/bible-school/app/public/index.php(17): require('/Users/eugene/L...')
#4 {main}
  thrown in /Users/eugene/Local Sites/bible-school/app/public/wp-content/themes/bible-school/front-page.php on line 29
[27-Dec-2019 23:12:06 UTC] PHP Fatal error:  Uncaught Exception: DateTime::__construct(): Failed to parse time string (31/12/2019) at position 0 (3): Unexpected character in /Users/eugene/Local Sites/bible-school/app/public/wp-content/themes/bible-school/front-page.php:29
Stack trace:
#0 /Users/eugene/Local Sites/bible-school/app/public/wp-content/themes/bible-school/front-page.php(29): DateTime->__construct('31/12/2019')
#1 /Users/eugene/Local Sites/bible-school/app/public/wp-includes/template-loader.php(98): include('/Users/eugene/L...')
#2 /Users/eugene/Local Sites/bible-school/app/public/wp-blog-header.php(19): require_once('/Users/eugene/L...')
#3 /Users/eugene/Local Sites/bible-school/app/public/index.php(17): require('/Users/eugene/L...')
#4 {main}
  thrown in /Users/eugene/Local Sites/bible-school/app/public/wp-content/themes/bible-school/front-page.php on line 29
[27-Dec-2019 23:12:08 UTC] PHP Fatal error:  Uncaught Exception: DateTime::__construct(): Failed to parse time string (31/12/2019) at position 0 (3): Unexpected character in /Users/eugene/Local Sites/bible-school/app/public/wp-content/themes/bible-school/front-page.php:29
Stack trace:
#0 /Users/eugene/Local Sites/bible-school/app/public/wp-content/themes/bible-school/front-page.php(29): DateTime->__construct('31/12/2019')
#1 /Users/eugene/Local Sites/bible-school/app/public/wp-includes/template-loader.php(98): include('/Users/eugene/L...')
#2 /Users/eugene/Local Sites/bible-school/app/public/wp-blog-header.php(19): require_once('/Users/eugene/L...')
#3 /Users/eugene/Local Sites/bible-school/app/public/index.php(17): require('/Users/eugene/L...')
#4 {main}
  thrown in /Users/eugene/Local Sites/bible-school/app/public/wp-content/themes/bible-school/front-page.php on line 29
[27-Dec-2019 23:13:13 UTC] PHP Fatal error:  Uncaught Exception: DateTime::__construct(): Failed to parse time string (31/12/2019) at position 0 (3): Unexpected character in /Users/eugene/Local Sites/bible-school/app/public/wp-content/themes/bible-school/front-page.php:29
Stack trace:
#0 /Users/eugene/Local Sites/bible-school/app/public/wp-content/themes/bible-school/front-page.php(29): DateTime->__construct('31/12/2019')
#1 /Users/eugene/Local Sites/bible-school/app/public/wp-includes/template-loader.php(98): include('/Users/eugene/L...')
#2 /Users/eugene/Local Sites/bible-school/app/public/wp-blog-header.php(19): require_once('/Users/eugene/L...')
#3 /Users/eugene/Local Sites/bible-school/app/public/index.php(17): require('/Users/eugene/L...')
#4 {main}
  thrown in /Users/eugene/Local Sites/bible-school/app/public/wp-content/themes/bible-school/front-page.php on line 29
[27-Dec-2019 23:14:01 UTC] PHP Fatal error:  Uncaught Exception: DateTime::__construct(): Failed to parse time string (31/12/2019) at position 0 (3): Unexpected character in /Users/eugene/Local Sites/bible-school/app/public/wp-content/themes/bible-school/front-page.php:29
Stack trace:
#0 /Users/eugene/Local Sites/bible-school/app/public/wp-content/themes/bible-school/front-page.php(29): DateTime->__construct('31/12/2019')
#1 /Users/eugene/Local Sites/bible-school/app/public/wp-includes/template-loader.php(98): include('/Users/eugene/L...')
#2 /Users/eugene/Local Sites/bible-school/app/public/wp-blog-header.php(19): require_once('/Users/eugene/L...')
#3 /Users/eugene/Local Sites/bible-school/app/public/index.php(17): require('/Users/eugene/L...')
#4 {main}
  thrown in /Users/eugene/Local Sites/bible-school/app/public/wp-content/themes/bible-school/front-page.php on line 29
[27-Dec-2019 23:14:03 UTC] PHP Fatal error:  Uncaught Exception: DateTime::__construct(): Failed to parse time string (31/12/2019) at position 0 (3): Unexpected character in /Users/eugene/Local Sites/bible-school/app/public/wp-content/themes/bible-school/front-page.php:29
Stack trace:
#0 /Users/eugene/Local Sites/bible-school/app/public/wp-content/themes/bible-school/front-page.php(29): DateTime->__construct('31/12/2019')
#1 /Users/eugene/Local Sites/bible-school/app/public/wp-includes/template-loader.php(98): include('/Users/eugene/L...')
#2 /Users/eugene/Local Sites/bible-school/app/public/wp-blog-header.php(19): require_once('/Users/eugene/L...')
#3 /Users/eugene/Local Sites/bible-school/app/public/index.php(17): require('/Users/eugene/L...')
#4 {main}
  thrown in /Users/eugene/Local Sites/bible-school/app/public/wp-content/themes/bible-school/front-page.php on line 29
[27-Dec-2019 23:14:03 UTC] PHP Fatal error:  Uncaught Exception: DateTime::__construct(): Failed to parse time string (31/12/2019) at position 0 (3): Unexpected character in /Users/eugene/Local Sites/bible-school/app/public/wp-content/themes/bible-school/front-page.php:29
Stack trace:
#0 /Users/eugene/Local Sites/bible-school/app/public/wp-content/themes/bible-school/front-page.php(29): DateTime->__construct('31/12/2019')
#1 /Users/eugene/Local Sites/bible-school/app/public/wp-includes/template-loader.php(98): include('/Users/eugene/L...')
#2 /Users/eugene/Local Sites/bible-school/app/public/wp-blog-header.php(19): require_once('/Users/eugene/L...')
#3 /Users/eugene/Local Sites/bible-school/app/public/index.php(17): require('/Users/eugene/L...')
#4 {main}
  thrown in /Users/eugene/Local Sites/bible-school/app/public/wp-content/themes/bible-school/front-page.php on line 29
[27-Dec-2019 23:16:02 UTC] PHP Fatal error:  Uncaught Error: Call to undefined function get_the_field() in /Users/eugene/Local Sites/bible-school/app/public/wp-content/themes/bible-school/front-page.php:29
Stack trace:
#0 /Users/eugene/Local Sites/bible-school/app/public/wp-includes/template-loader.php(98): include()
#1 /Users/eugene/Local Sites/bible-school/app/public/wp-blog-header.php(19): require_once('/Users/eugene/L...')
#2 /Users/eugene/Local Sites/bible-school/app/public/index.php(17): require('/Users/eugene/L...')
#3 {main}
  thrown in /Users/eugene/Local Sites/bible-school/app/public/wp-content/themes/bible-school/front-page.php on line 29
[27-Dec-2019 23:16:07 UTC] PHP Fatal error:  Uncaught Exception: DateTime::__construct(): Failed to parse time string (26/06/2020) at position 0 (2): Unexpected character in /Users/eugene/Local Sites/bible-school/app/public/wp-content/themes/bible-school/front-page.php:29
Stack trace:
#0 /Users/eugene/Local Sites/bible-school/app/public/wp-content/themes/bible-school/front-page.php(29): DateTime->__construct('26/06/2020')
#1 /Users/eugene/Local Sites/bible-school/app/public/wp-includes/template-loader.php(98): include('/Users/eugene/L...')
#2 /Users/eugene/Local Sites/bible-school/app/public/wp-blog-header.php(19): require_once('/Users/eugene/L...')
#3 /Users/eugene/Local Sites/bible-school/app/public/index.php(17): require('/Users/eugene/L...')
#4 {main}
  thrown in /Users/eugene/Local Sites/bible-school/app/public/wp-content/themes/bible-school/front-page.php on line 29
[27-Dec-2019 23:16:08 UTC] PHP Fatal error:  Uncaught Exception: DateTime::__construct(): Failed to parse time string (26/06/2020) at position 0 (2): Unexpected character in /Users/eugene/Local Sites/bible-school/app/public/wp-content/themes/bible-school/front-page.php:29
Stack trace:
#0 /Users/eugene/Local Sites/bible-school/app/public/wp-content/themes/bible-school/front-page.php(29): DateTime->__construct('26/06/2020')
#1 /Users/eugene/Local Sites/bible-school/app/public/wp-includes/template-loader.php(98): include('/Users/eugene/L...')
#2 /Users/eugene/Local Sites/bible-school/app/public/wp-blog-header.php(19): require_once('/Users/eugene/L...')
#3 /Users/eugene/Local Sites/bible-school/app/public/index.php(17): require('/Users/eugene/L...')
#4 {main}
  thrown in /Users/eugene/Local Sites/bible-school/app/public/wp-content/themes/bible-school/front-page.php on line 29
[27-Dec-2019 23:16:27 UTC] PHP Fatal error:  Uncaught Error: Call to a member function format() on null in /Users/eugene/Local Sites/bible-school/app/public/wp-content/themes/bible-school/front-page.php:29
Stack trace:
#0 /Users/eugene/Local Sites/bible-school/app/public/wp-includes/template-loader.php(98): include()
#1 /Users/eugene/Local Sites/bible-school/app/public/wp-blog-header.php(19): require_once('/Users/eugene/L...')
#2 /Users/eugene/Local Sites/bible-school/app/public/index.php(17): require('/Users/eugene/L...')
#3 {main}
  thrown in /Users/eugene/Local Sites/bible-school/app/public/wp-content/themes/bible-school/front-page.php on line 29
[27-Dec-2019 23:17:24 UTC] PHP Fatal error:  Uncaught Exception: DateTime::__construct(): Failed to parse time string (26/06/2020) at position 0 (2): Unexpected character in /Users/eugene/Local Sites/bible-school/app/public/wp-content/themes/bible-school/front-page.php:29
Stack trace:
#0 /Users/eugene/Local Sites/bible-school/app/public/wp-content/themes/bible-school/front-page.php(29): DateTime->__construct('26/06/2020')
#1 /Users/eugene/Local Sites/bible-school/app/public/wp-includes/template-loader.php(98): include('/Users/eugene/L...')
#2 /Users/eugene/Local Sites/bible-school/app/public/wp-blog-header.php(19): require_once('/Users/eugene/L...')
#3 /Users/eugene/Local Sites/bible-school/app/public/index.php(17): require('/Users/eugene/L...')
#4 {main}
  thrown in /Users/eugene/Local Sites/bible-school/app/public/wp-content/themes/bible-school/front-page.php on line 29
[27-Dec-2019 23:19:08 UTC] PHP Fatal error:  Uncaught Exception: DateTime::__construct(): Failed to parse time string (26/06/2020) at position 0 (2): Unexpected character in /Users/eugene/Local Sites/bible-school/app/public/wp-content/themes/bible-school/front-page.php:29
Stack trace:
#0 /Users/eugene/Local Sites/bible-school/app/public/wp-content/themes/bible-school/front-page.php(29): DateTime->__construct('26/06/2020')
#1 /Users/eugene/Local Sites/bible-school/app/public/wp-includes/template-loader.php(98): include('/Users/eugene/L...')
#2 /Users/eugene/Local Sites/bible-school/app/public/wp-blog-header.php(19): require_once('/Users/eugene/L...')
#3 /Users/eugene/Local Sites/bible-school/app/public/index.php(17): require('/Users/eugene/L...')
#4 {main}
  thrown in /Users/eugene/Local Sites/bible-school/app/public/wp-content/themes/bible-school/front-page.php on line 29
[03-Jan-2020 21:25:17 UTC] PHP Fatal error:  Uncaught ArgumentCountError: Too few arguments to function WP_Query::set(), 0 passed in /Users/eugene/Local Sites/bible-school/app/public/wp-content/themes/bible-school/functions.php on line 20 and exactly 2 expected in /Users/eugene/Local Sites/bible-school/app/public/wp-includes/class-wp-query.php:1727
Stack trace:
#0 /Users/eugene/Local Sites/bible-school/app/public/wp-content/themes/bible-school/functions.php(20): WP_Query->set()
#1 /Users/eugene/Local Sites/bible-school/app/public/wp-includes/class-wp-hook.php(288): school_adjust_queries(Object(WP_Query))
#2 /Users/eugene/Local Sites/bible-school/app/public/wp-includes/class-wp-hook.php(312): WP_Hook->apply_filters('', Array)
#3 /Users/eugene/Local Sites/bible-school/app/public/wp-includes/plugin.php(544): WP_Hook->do_action(Array)
#4 /Users/eugene/Local Sites/bible-school/app/public/wp-includes/class-wp-query.php(1757): do_action_ref_array('pre_get_posts', Array)
#5 /Users/eugene/Local Sites/bible-school/app/public/wp-includes/class-wp-query.php(3413):  in /Users/eugene/Local Sites/bible-school/app/public/wp-includes/class-wp-query.php on line 1727
[03-Jan-2020 21:25:24 UTC] PHP Fatal error:  Uncaught ArgumentCountError: Too few arguments to function WP_Query::set(), 0 passed in /Users/eugene/Local Sites/bible-school/app/public/wp-content/themes/bible-school/functions.php on line 20 and exactly 2 expected in /Users/eugene/Local Sites/bible-school/app/public/wp-includes/class-wp-query.php:1727
Stack trace:
#0 /Users/eugene/Local Sites/bible-school/app/public/wp-content/themes/bible-school/functions.php(20): WP_Query->set()
#1 /Users/eugene/Local Sites/bible-school/app/public/wp-includes/class-wp-hook.php(288): school_adjust_queries(Object(WP_Query))
#2 /Users/eugene/Local Sites/bible-school/app/public/wp-includes/class-wp-hook.php(312): WP_Hook->apply_filters('', Array)
#3 /Users/eugene/Local Sites/bible-school/app/public/wp-includes/plugin.php(544): WP_Hook->do_action(Array)
#4 /Users/eugene/Local Sites/bible-school/app/public/wp-includes/class-wp-query.php(1757): do_action_ref_array('pre_get_posts', Array)
#5 /Users/eugene/Local Sites/bible-school/app/public/wp-includes/class-wp-query.php(3413):  in /Users/eugene/Local Sites/bible-school/app/public/wp-includes/class-wp-query.php on line 1727
[03-Jan-2020 21:25:27 UTC] PHP Fatal error:  Uncaught ArgumentCountError: Too few arguments to function WP_Query::set(), 0 passed in /Users/eugene/Local Sites/bible-school/app/public/wp-content/themes/bible-school/functions.php on line 20 and exactly 2 expected in /Users/eugene/Local Sites/bible-school/app/public/wp-includes/class-wp-query.php:1727
Stack trace:
#0 /Users/eugene/Local Sites/bible-school/app/public/wp-content/themes/bible-school/functions.php(20): WP_Query->set()
#1 /Users/eugene/Local Sites/bible-school/app/public/wp-includes/class-wp-hook.php(288): school_adjust_queries(Object(WP_Query))
#2 /Users/eugene/Local Sites/bible-school/app/public/wp-includes/class-wp-hook.php(312): WP_Hook->apply_filters('', Array)
#3 /Users/eugene/Local Sites/bible-school/app/public/wp-includes/plugin.php(544): WP_Hook->do_action(Array)
#4 /Users/eugene/Local Sites/bible-school/app/public/wp-includes/class-wp-query.php(1757): do_action_ref_array('pre_get_posts', Array)
#5 /Users/eugene/Local Sites/bible-school/app/public/wp-includes/class-wp-query.php(3413):  in /Users/eugene/Local Sites/bible-school/app/public/wp-includes/class-wp-query.php on line 1727
[03-Jan-2020 21:26:26 UTC] PHP Fatal error:  Uncaught ArgumentCountError: Too few arguments to function WP_Query::set(), 0 passed in /Users/eugene/Local Sites/bible-school/app/public/wp-content/themes/bible-school/functions.php on line 20 and exactly 2 expected in /Users/eugene/Local Sites/bible-school/app/public/wp-includes/class-wp-query.php:1727
Stack trace:
#0 /Users/eugene/Local Sites/bible-school/app/public/wp-content/themes/bible-school/functions.php(20): WP_Query->set()
#1 /Users/eugene/Local Sites/bible-school/app/public/wp-includes/class-wp-hook.php(288): school_adjust_queries(Object(WP_Query))
#2 /Users/eugene/Local Sites/bible-school/app/public/wp-includes/class-wp-hook.php(312): WP_Hook->apply_filters('', Array)
#3 /Users/eugene/Local Sites/bible-school/app/public/wp-includes/plugin.php(544): WP_Hook->do_action(Array)
#4 /Users/eugene/Local Sites/bible-school/app/public/wp-includes/class-wp-query.php(1757): do_action_ref_array('pre_get_posts', Array)
#5 /Users/eugene/Local Sites/bible-school/app/public/wp-includes/class-wp-query.php(3413):  in /Users/eugene/Local Sites/bible-school/app/public/wp-includes/class-wp-query.php on line 1727
[03-Jan-2020 21:30:20 UTC] PHP Parse error:  syntax error, unexpected '}' in /Users/eugene/Local Sites/bible-school/app/public/wp-content/themes/bible-school/functions.php on line 22
[03-Jan-2020 21:31:52 UTC] PHP Parse error:  syntax error, unexpected '}' in /Users/eugene/Local Sites/bible-school/app/public/wp-content/themes/bible-school/functions.php on line 23
[03-Jan-2020 21:48:36 UTC] PHP Fatal error:  Uncaught Error: Call to a member function have_posts() on null in /Users/eugene/Local Sites/bible-school/app/public/wp-content/themes/bible-school/page-past-events.php:35
Stack trace:
#0 /Users/eugene/Local Sites/bible-school/app/public/wp-includes/template-loader.php(98): include()
#1 /Users/eugene/Local Sites/bible-school/app/public/wp-blog-header.php(19): require_once('/Users/eugene/L...')
#2 /Users/eugene/Local Sites/bible-school/app/public/index.php(17): require('/Users/eugene/L...')
#3 {main}
  thrown in /Users/eugene/Local Sites/bible-school/app/public/wp-content/themes/bible-school/page-past-events.php on line 35
[03-Jan-2020 21:58:53 UTC] PHP Parse error:  syntax error, unexpected ''posts_per_page'' (T_CONSTANT_ENCAPSED_STRING), expecting ')' in /Users/eugene/Local Sites/bible-school/app/public/wp-content/themes/bible-school/page-past-events.php on line 21
[03-Jan-2020 22:56:10 UTC] PHP Fatal error:  Uncaught Error: Call to undefined function print_post_r() in /Users/eugene/Local Sites/bible-school/app/public/wp-content/themes/bible-school/single-event.php:28
Stack trace:
#0 /Users/eugene/Local Sites/bible-school/app/public/wp-includes/template-loader.php(98): include()
#1 /Users/eugene/Local Sites/bible-school/app/public/wp-blog-header.php(19): require_once('/Users/eugene/L...')
#2 /Users/eugene/Local Sites/bible-school/app/public/index.php(17): require('/Users/eugene/L...')
#3 {main}
  thrown in /Users/eugene/Local Sites/bible-school/app/public/wp-content/themes/bible-school/single-event.php on line 28
[03-Jan-2020 22:56:12 UTC] PHP Fatal error:  Uncaught Error: Call to undefined function print_post_r() in /Users/eugene/Local Sites/bible-school/app/public/wp-content/themes/bible-school/single-event.php:28
Stack trace:
#0 /Users/eugene/Local Sites/bible-school/app/public/wp-includes/template-loader.php(98): include()
#1 /Users/eugene/Local Sites/bible-school/app/public/wp-blog-header.php(19): require_once('/Users/eugene/L...')
#2 /Users/eugene/Local Sites/bible-school/app/public/index.php(17): require('/Users/eugene/L...')
#3 {main}
  thrown in /Users/eugene/Local Sites/bible-school/app/public/wp-content/themes/bible-school/single-event.php on line 28
[04-Jan-2020 17:18:02 UTC] PHP Parse error:  syntax error, unexpected '}', expecting end of file in /Users/eugene/Local Sites/bible-school/app/public/wp-content/themes/bible-school/single-program.php on line 54
[04-Jan-2020 18:18:35 UTC] PHP Fatal error:  Uncaught ArgumentCountError: Too few arguments to function add_image_size(), 0 passed in /Users/eugene/Local Sites/bible-school/app/public/wp-content/themes/bible-school/functions.php on line 15 and at least 1 expected in /Users/eugene/Local Sites/bible-school/app/public/wp-includes/media.php:285
Stack trace:
#0 /Users/eugene/Local Sites/bible-school/app/public/wp-content/themes/bible-school/functions.php(15): add_image_size()
#1 /Users/eugene/Local Sites/bible-school/app/public/wp-includes/class-wp-hook.php(288): school_features('')
#2 /Users/eugene/Local Sites/bible-school/app/public/wp-includes/class-wp-hook.php(312): WP_Hook->apply_filters('', Array)
#3 /Users/eugene/Local Sites/bible-school/app/public/wp-includes/plugin.php(478): WP_Hook->do_action(Array)
#4 /Users/eugene/Local Sites/bible-school/app/public/wp-settings.php(507): do_action('after_setup_the...')
#5 /Users/eugene/Local Sites/bible-school/app/public/wp-config.php(77): require_once('/Users/eugene/L...')
#6 /Users/eugene/Local Sites/bible-scho in /Users/eugene/Local Sites/bible-school/app/public/wp-includes/media.php on line 285
[04-Jan-2020 19:14:56 UTC] PHP Parse error:  syntax error, unexpected '<' in /Users/eugene/Local Sites/bible-school/app/public/wp-content/themes/bible-school/functions.php on line 4
[04-Jan-2020 19:38:26 UTC] PHP Parse error:  syntax error, unexpected 'echo' (T_ECHO) in /Users/eugene/Local Sites/bible-school/app/public/wp-content/themes/bible-school/functions.php on line 17
[04-Jan-2020 20:44:44 UTC] PHP Parse error:  syntax error, unexpected ';', expecting ')' in /Users/eugene/Local Sites/bible-school/app/public/wp-content/themes/bible-school/page.php on line 9
[04-Jan-2020 20:50:49 UTC] PHP Parse error:  syntax error, unexpected ';', expecting ')' in /Users/eugene/Local Sites/bible-school/app/public/wp-content/themes/bible-school/page.php on line 9
[04-Jan-2020 21:07:09 UTC] PHP Fatal error:  Uncaught ArgumentCountError: Too few arguments to function pageBanner(), 0 passed in /Users/eugene/Local Sites/bible-school/app/public/wp-content/themes/bible-school/single-professor.php on line 7 and exactly 1 expected in /Users/eugene/Local Sites/bible-school/app/public/wp-content/themes/bible-school/functions.php:3
Stack trace:
#0 /Users/eugene/Local Sites/bible-school/app/public/wp-content/themes/bible-school/single-professor.php(7): pageBanner()
#1 /Users/eugene/Local Sites/bible-school/app/public/wp-includes/template-loader.php(98): include('/Users/eugene/L...')
#2 /Users/eugene/Local Sites/bible-school/app/public/wp-blog-header.php(19): require_once('/Users/eugene/L...')
#3 /Users/eugene/Local Sites/bible-school/app/public/index.php(17): require('/Users/eugene/L...')
#4 {main}
  thrown in /Users/eugene/Local Sites/bible-school/app/public/wp-content/themes/bible-school/functions.php on line 3
[04-Jan-2020 21:07:52 UTC] PHP Fatal error:  Uncaught ArgumentCountError: Too few arguments to function pageBanner(), 0 passed in /Users/eugene/Local Sites/bible-school/app/public/wp-content/themes/bible-school/single-professor.php on line 7 and exactly 1 expected in /Users/eugene/Local Sites/bible-school/app/public/wp-content/themes/bible-school/functions.php:3
Stack trace:
#0 /Users/eugene/Local Sites/bible-school/app/public/wp-content/themes/bible-school/single-professor.php(7): pageBanner()
#1 /Users/eugene/Local Sites/bible-school/app/public/wp-includes/template-loader.php(98): include('/Users/eugene/L...')
#2 /Users/eugene/Local Sites/bible-school/app/public/wp-blog-header.php(19): require_once('/Users/eugene/L...')
#3 /Users/eugene/Local Sites/bible-school/app/public/index.php(17): require('/Users/eugene/L...')
#4 {main}
  thrown in /Users/eugene/Local Sites/bible-school/app/public/wp-content/themes/bible-school/functions.php on line 3
[04-Jan-2020 21:08:04 UTC] PHP Fatal error:  Uncaught ArgumentCountError: Too few arguments to function pageBanner(), 0 passed in /Users/eugene/Local Sites/bible-school/app/public/wp-content/themes/bible-school/single-professor.php on line 7 and exactly 1 expected in /Users/eugene/Local Sites/bible-school/app/public/wp-content/themes/bible-school/functions.php:3
Stack trace:
#0 /Users/eugene/Local Sites/bible-school/app/public/wp-content/themes/bible-school/single-professor.php(7): pageBanner()
#1 /Users/eugene/Local Sites/bible-school/app/public/wp-includes/template-loader.php(98): include('/Users/eugene/L...')
#2 /Users/eugene/Local Sites/bible-school/app/public/wp-blog-header.php(19): require_once('/Users/eugene/L...')
#3 /Users/eugene/Local Sites/bible-school/app/public/index.php(17): require('/Users/eugene/L...')
#4 {main}
  thrown in /Users/eugene/Local Sites/bible-school/app/public/wp-content/themes/bible-school/functions.php on line 3
[04-Jan-2020 21:08:05 UTC] PHP Fatal error:  Uncaught ArgumentCountError: Too few arguments to function pageBanner(), 0 passed in /Users/eugene/Local Sites/bible-school/app/public/wp-content/themes/bible-school/single-professor.php on line 7 and exactly 1 expected in /Users/eugene/Local Sites/bible-school/app/public/wp-content/themes/bible-school/functions.php:3
Stack trace:
#0 /Users/eugene/Local Sites/bible-school/app/public/wp-content/themes/bible-school/single-professor.php(7): pageBanner()
#1 /Users/eugene/Local Sites/bible-school/app/public/wp-includes/template-loader.php(98): include('/Users/eugene/L...')
#2 /Users/eugene/Local Sites/bible-school/app/public/wp-blog-header.php(19): require_once('/Users/eugene/L...')
#3 /Users/eugene/Local Sites/bible-school/app/public/index.php(17): require('/Users/eugene/L...')
#4 {main}
  thrown in /Users/eugene/Local Sites/bible-school/app/public/wp-content/themes/bible-school/functions.php on line 3
[04-Jan-2020 21:08:08 UTC] PHP Fatal error:  Uncaught ArgumentCountError: Too few arguments to function pageBanner(), 0 passed in /Users/eugene/Local Sites/bible-school/app/public/wp-content/themes/bible-school/single-professor.php on line 7 and exactly 1 expected in /Users/eugene/Local Sites/bible-school/app/public/wp-content/themes/bible-school/functions.php:3
Stack trace:
#0 /Users/eugene/Local Sites/bible-school/app/public/wp-content/themes/bible-school/single-professor.php(7): pageBanner()
#1 /Users/eugene/Local Sites/bible-school/app/public/wp-includes/template-loader.php(98): include('/Users/eugene/L...')
#2 /Users/eugene/Local Sites/bible-school/app/public/wp-blog-header.php(19): require_once('/Users/eugene/L...')
#3 /Users/eugene/Local Sites/bible-school/app/public/index.php(17): require('/Users/eugene/L...')
#4 {main}
  thrown in /Users/eugene/Local Sites/bible-school/app/public/wp-content/themes/bible-school/functions.php on line 3
[04-Jan-2020 21:08:08 UTC] PHP Fatal error:  Uncaught ArgumentCountError: Too few arguments to function pageBanner(), 0 passed in /Users/eugene/Local Sites/bible-school/app/public/wp-content/themes/bible-school/single-professor.php on line 7 and exactly 1 expected in /Users/eugene/Local Sites/bible-school/app/public/wp-content/themes/bible-school/functions.php:3
Stack trace:
#0 /Users/eugene/Local Sites/bible-school/app/public/wp-content/themes/bible-school/single-professor.php(7): pageBanner()
#1 /Users/eugene/Local Sites/bible-school/app/public/wp-includes/template-loader.php(98): include('/Users/eugene/L...')
#2 /Users/eugene/Local Sites/bible-school/app/public/wp-blog-header.php(19): require_once('/Users/eugene/L...')
#3 /Users/eugene/Local Sites/bible-school/app/public/index.php(17): require('/Users/eugene/L...')
#4 {main}
  thrown in /Users/eugene/Local Sites/bible-school/app/public/wp-content/themes/bible-school/functions.php on line 3
[04-Jan-2020 21:08:08 UTC] PHP Fatal error:  Uncaught ArgumentCountError: Too few arguments to function pageBanner(), 0 passed in /Users/eugene/Local Sites/bible-school/app/public/wp-content/themes/bible-school/single-professor.php on line 7 and exactly 1 expected in /Users/eugene/Local Sites/bible-school/app/public/wp-content/themes/bible-school/functions.php:3
Stack trace:
#0 /Users/eugene/Local Sites/bible-school/app/public/wp-content/themes/bible-school/single-professor.php(7): pageBanner()
#1 /Users/eugene/Local Sites/bible-school/app/public/wp-includes/template-loader.php(98): include('/Users/eugene/L...')
#2 /Users/eugene/Local Sites/bible-school/app/public/wp-blog-header.php(19): require_once('/Users/eugene/L...')
#3 /Users/eugene/Local Sites/bible-school/app/public/index.php(17): require('/Users/eugene/L...')
#4 {main}
  thrown in /Users/eugene/Local Sites/bible-school/app/public/wp-content/themes/bible-school/functions.php on line 3
[04-Jan-2020 21:08:09 UTC] PHP Fatal error:  Uncaught ArgumentCountError: Too few arguments to function pageBanner(), 0 passed in /Users/eugene/Local Sites/bible-school/app/public/wp-content/themes/bible-school/single-professor.php on line 7 and exactly 1 expected in /Users/eugene/Local Sites/bible-school/app/public/wp-content/themes/bible-school/functions.php:3
Stack trace:
#0 /Users/eugene/Local Sites/bible-school/app/public/wp-content/themes/bible-school/single-professor.php(7): pageBanner()
#1 /Users/eugene/Local Sites/bible-school/app/public/wp-includes/template-loader.php(98): include('/Users/eugene/L...')
#2 /Users/eugene/Local Sites/bible-school/app/public/wp-blog-header.php(19): require_once('/Users/eugene/L...')
#3 /Users/eugene/Local Sites/bible-school/app/public/index.php(17): require('/Users/eugene/L...')
#4 {main}
  thrown in /Users/eugene/Local Sites/bible-school/app/public/wp-content/themes/bible-school/functions.php on line 3
[04-Jan-2020 21:14:36 UTC] PHP Fatal error:  Uncaught ArgumentCountError: Too few arguments to function pageBanner(), 0 passed in /Users/eugene/Local Sites/bible-school/app/public/wp-content/themes/bible-school/single-professor.php on line 7 and exactly 1 expected in /Users/eugene/Local Sites/bible-school/app/public/wp-content/themes/bible-school/functions.php:3
Stack trace:
#0 /Users/eugene/Local Sites/bible-school/app/public/wp-content/themes/bible-school/single-professor.php(7): pageBanner()
#1 /Users/eugene/Local Sites/bible-school/app/public/wp-includes/template-loader.php(98): include('/Users/eugene/L...')
#2 /Users/eugene/Local Sites/bible-school/app/public/wp-blog-header.php(19): require_once('/Users/eugene/L...')
#3 /Users/eugene/Local Sites/bible-school/app/public/index.php(17): require('/Users/eugene/L...')
#4 {main}
  thrown in /Users/eugene/Local Sites/bible-school/app/public/wp-content/themes/bible-school/functions.php on line 3
[04-Jan-2020 21:15:42 UTC] PHP Fatal error:  Uncaught ArgumentCountError: Too few arguments to function pageBanner(), 0 passed in /Users/eugene/Local Sites/bible-school/app/public/wp-content/themes/bible-school/single-professor.php on line 7 and exactly 1 expected in /Users/eugene/Local Sites/bible-school/app/public/wp-content/themes/bible-school/functions.php:3
Stack trace:
#0 /Users/eugene/Local Sites/bible-school/app/public/wp-content/themes/bible-school/single-professor.php(7): pageBanner()
#1 /Users/eugene/Local Sites/bible-school/app/public/wp-includes/template-loader.php(98): include('/Users/eugene/L...')
#2 /Users/eugene/Local Sites/bible-school/app/public/wp-blog-header.php(19): require_once('/Users/eugene/L...')
#3 /Users/eugene/Local Sites/bible-school/app/public/index.php(17): require('/Users/eugene/L...')
#4 {main}
  thrown in /Users/eugene/Local Sites/bible-school/app/public/wp-content/themes/bible-school/functions.php on line 3
[04-Jan-2020 21:15:45 UTC] PHP Fatal error:  Uncaught ArgumentCountError: Too few arguments to function pageBanner(), 0 passed in /Users/eugene/Local Sites/bible-school/app/public/wp-content/themes/bible-school/page.php on line 7 and exactly 1 expected in /Users/eugene/Local Sites/bible-school/app/public/wp-content/themes/bible-school/functions.php:3
Stack trace:
#0 /Users/eugene/Local Sites/bible-school/app/public/wp-content/themes/bible-school/page.php(7): pageBanner()
#1 /Users/eugene/Local Sites/bible-school/app/public/wp-includes/template-loader.php(98): include('/Users/eugene/L...')
#2 /Users/eugene/Local Sites/bible-school/app/public/wp-blog-header.php(19): require_once('/Users/eugene/L...')
#3 /Users/eugene/Local Sites/bible-school/app/public/index.php(17): require('/Users/eugene/L...')
#4 {main}
  thrown in /Users/eugene/Local Sites/bible-school/app/public/wp-content/themes/bible-school/functions.php on line 3
[04-Jan-2020 21:21:26 UTC] PHP Parse error:  syntax error, unexpected '=' in /Users/eugene/Local Sites/bible-school/app/public/wp-content/themes/bible-school/functions.php on line 8
[04-Jan-2020 22:04:34 UTC] PHP Warning:  Use of undefined constant get_template - assumed 'get_template' (this will throw an Error in a future version of PHP) in /Users/eugene/Local Sites/bible-school/app/public/wp-content/themes/bible-school/archive-event.php on line 14
[04-Jan-2020 22:04:34 UTC] PHP Stack trace:
[04-Jan-2020 22:04:34 UTC] PHP   1. {main}() /Users/eugene/Local Sites/bible-school/app/public/index.php:0
[04-Jan-2020 22:04:34 UTC] PHP   2. require() /Users/eugene/Local Sites/bible-school/app/public/index.php:17
[04-Jan-2020 22:04:34 UTC] PHP   3. require_once() /Users/eugene/Local Sites/bible-school/app/public/wp-blog-header.php:19
[04-Jan-2020 22:04:34 UTC] PHP   4. include() /Users/eugene/Local Sites/bible-school/app/public/wp-includes/template-loader.php:98
[04-Jan-2020 22:04:34 UTC] PHP Fatal error:  Uncaught Error: Call to undefined function part() in /Users/eugene/Local Sites/bible-school/app/public/wp-content/themes/bible-school/archive-event.php:14
Stack trace:
#0 /Users/eugene/Local Sites/bible-school/app/public/wp-includes/template-loader.php(98): include()
#1 /Users/eugene/Local Sites/bible-school/app/public/wp-blog-header.php(19): require_once('/Users/eugene/L...')
#2 /Users/eugene/Local Sites/bible-school/app/public/index.php(17): require('/Users/eugene/L...')
#3 {main}
  thrown in /Users/eugene/Local Sites/bible-school/app/public/wp-content/themes/bible-school/archive-event.php on line 14
[04-Jan-2020 22:05:42 UTC] PHP Parse error:  syntax error, unexpected '}' in /Users/eugene/Local Sites/bible-school/app/public/wp-content/themes/bible-school/page-past-events.php on line 32
